<?xml version="1.0" encoding="UTF-8"?>
<!-- Generated by org.testng.reporters.JUnitReportReporter -->
<testsuite skipped="0" hostname="GAGAN" name="testcases.TC002" tests="1" failures="0" timestamp="22 Mar 2020 10:14:57 GMT" time="10.223" errors="0">
  <testcase name="tc01" time="10.223" classname="testcases.TC002"/>
</testsuite> <!-- testcases.TC002 -->
