<?xml version="1.0" encoding="UTF-8"?>
<!-- Generated by org.testng.reporters.JUnitReportReporter -->
<testsuite skipped="0" hostname="GAGAN" name="testcases.TC003" tests="1" failures="0" timestamp="22 Mar 2020 10:14:57 GMT" time="11.842" errors="0">
  <testcase name="tc01" time="11.842" classname="testcases.TC003"/>
</testsuite> <!-- testcases.TC003 -->
